{"/Users/pcq242/Documents/ReactNative/TestDemo/helpers/renderWithNavigatorAndRedux.tsx": {"path":"/Users/pcq242/Documents/ReactNative/TestDemo/helpers/renderWithNavigatorAndRedux.tsx","statementMap":{"0":{"start":{"line":15,"column":25},"end":{"line":15,"column":47}},"1":{"start":{"line":16,"column":16},"end":{"line":16,"column":73}},"2":{"start":{"line":17,"column":2},"end":{"line":17,"column":27}},"3":{"start":{"line":19,"column":2},"end":{"line":21,"column":3}},"4":{"start":{"line":20,"column":4},"end":{"line":20,"column":22}},"5":{"start":{"line":23,"column":2},"end":{"line":27,"column":4}}},"fnMap":{"0":{"name":"renderWithNavigatorAndRedux","decl":{"start":{"line":11,"column":16},"end":{"line":11,"column":43}},"loc":{"start":{"line":14,"column":2},"end":{"line":28,"column":1}},"line":14}},"branchMap":{"0":{"loc":{"start":{"line":19,"column":2},"end":{"line":21,"column":3}},"type":"if","locations":[{"start":{"line":19,"column":2},"end":{"line":21,"column":3}},{"start":{},"end":{}}],"line":19}},"s":{"0":20,"1":20,"2":20,"3":20,"4":2,"5":20},"f":{"0":20},"b":{"0":[2,18]},"_coverageSchema":"1a1c01bbd47fc00a2c39e90264f33305004495a9","hash":"08f4dac1c804b14445ed77d158ae37979f4d432b"}
,"/Users/pcq242/Documents/ReactNative/TestDemo/src/App.reducers.ts": {"path":"/Users/pcq242/Documents/ReactNative/TestDemo/src/App.reducers.ts","statementMap":{"0":{"start":{"line":4,"column":20},"end":{"line":6,"column":2}}},"fnMap":{},"branchMap":{},"s":{"0":9},"f":{},"b":{},"_coverageSchema":"1a1c01bbd47fc00a2c39e90264f33305004495a9","hash":"7e9b72cea65da2ae873b8f0ec053f9bf18ed34d2"}
,"/Users/pcq242/Documents/ReactNative/TestDemo/src/App.sagas.ts": {"path":"/Users/pcq242/Documents/ReactNative/TestDemo/src/App.sagas.ts","statementMap":{"0":{"start":{"line":5,"column":2},"end":{"line":5,"column":28}}},"fnMap":{"0":{"name":"root","decl":{"start":{"line":4,"column":25},"end":{"line":4,"column":29}},"loc":{"start":{"line":4,"column":32},"end":{"line":6,"column":1}},"line":4}},"branchMap":{},"s":{"0":21},"f":{"0":21},"b":{},"_coverageSchema":"1a1c01bbd47fc00a2c39e90264f33305004495a9","hash":"a2099360fe4cbfc3ca7ecf7b03cafa4c00b4ab61"}
,"/Users/pcq242/Documents/ReactNative/TestDemo/src/assets/arrow.png": {"path":"/Users/pcq242/Documents/ReactNative/TestDemo/src/assets/arrow.png","statementMap":{"0":{"start":{"line":1,"column":0},"end":{"line":4,"column":6}}},"fnMap":{},"branchMap":{},"s":{"0":2},"f":{},"b":{},"_coverageSchema":"1a1c01bbd47fc00a2c39e90264f33305004495a9","hash":"fdfa38a44d9393148206b9289261aee46fb3158d"}
,"/Users/pcq242/Documents/ReactNative/TestDemo/src/assets/assets.tsx": {"path":"/Users/pcq242/Documents/ReactNative/TestDemo/src/assets/assets.tsx","statementMap":{"0":{"start":{"line":1,"column":23},"end":{"line":1,"column":44}},"1":{"start":{"line":2,"column":23},"end":{"line":2,"column":45}}},"fnMap":{},"branchMap":{},"s":{"0":2,"1":2},"f":{},"b":{},"_coverageSchema":"1a1c01bbd47fc00a2c39e90264f33305004495a9","hash":"7a2fceab3248c5fbbc107d1e4343d4107774d055"}
,"/Users/pcq242/Documents/ReactNative/TestDemo/src/assets/chat.png": {"path":"/Users/pcq242/Documents/ReactNative/TestDemo/src/assets/chat.png","statementMap":{"0":{"start":{"line":1,"column":0},"end":{"line":4,"column":6}}},"fnMap":{},"branchMap":{},"s":{"0":2},"f":{},"b":{},"_coverageSchema":"1a1c01bbd47fc00a2c39e90264f33305004495a9","hash":"a3a31b640674063d9a3b22a2c92df651b6418d55"}
,"/Users/pcq242/Documents/ReactNative/TestDemo/src/components/CardView.tsx": {"path":"/Users/pcq242/Documents/ReactNative/TestDemo/src/components/CardView.tsx","statementMap":{"0":{"start":{"line":9,"column":34},"end":{"line":33,"column":1}},"1":{"start":{"line":10,"column":2},"end":{"line":32,"column":4}},"2":{"start":{"line":35,"column":14},"end":{"line":56,"column":2}}},"fnMap":{"0":{"name":"(anonymous_0)","decl":{"start":{"line":9,"column":34},"end":{"line":9,"column":35}},"loc":{"start":{"line":9,"column":55},"end":{"line":33,"column":1}},"line":9}},"branchMap":{"0":{"loc":{"start":{"line":25,"column":31},"end":{"line":25,"column":79}},"type":"cond-expr","locations":[{"start":{"line":25,"column":58},"end":{"line":25,"column":67}},{"start":{"line":25,"column":70},"end":{"line":25,"column":79}}],"line":25}},"s":{"0":2,"1":10,"2":2},"f":{"0":10},"b":{"0":[6,4]},"_coverageSchema":"1a1c01bbd47fc00a2c39e90264f33305004495a9","hash":"589390f7c828c36fc59b11bf22d3f7f5483dba49"}
,"/Users/pcq242/Documents/ReactNative/TestDemo/src/screens/Home/Home.tsx": {"path":"/Users/pcq242/Documents/ReactNative/TestDemo/src/screens/Home/Home.tsx","statementMap":{"0":{"start":{"line":20,"column":13},"end":{"line":75,"column":1}},"1":{"start":{"line":21,"column":21},"end":{"line":21,"column":36}},"2":{"start":{"line":22,"column":16},"end":{"line":22,"column":66}},"3":{"start":{"line":23,"column":40},"end":{"line":23,"column":78}},"4":{"start":{"line":24,"column":19},"end":{"line":24,"column":32}},"5":{"start":{"line":25,"column":2},"end":{"line":30,"column":9}},"6":{"start":{"line":26,"column":4},"end":{"line":26,"column":39}},"7":{"start":{"line":27,"column":4},"end":{"line":29,"column":7}},"8":{"start":{"line":28,"column":6},"end":{"line":28,"column":27}},"9":{"start":{"line":32,"column":19},"end":{"line":40,"column":3}},"10":{"start":{"line":33,"column":4},"end":{"line":39,"column":7}},"11":{"start":{"line":34,"column":6},"end":{"line":38,"column":7}},"12":{"start":{"line":35,"column":8},"end":{"line":35,"column":60}},"13":{"start":{"line":37,"column":8},"end":{"line":37,"column":53}},"14":{"start":{"line":42,"column":2},"end":{"line":74,"column":4}},"15":{"start":{"line":61,"column":12},"end":{"line":63,"column":19}},"16":{"start":{"line":66,"column":12},"end":{"line":69,"column":14}},"17":{"start":{"line":68,"column":29},"end":{"line":68,"column":62}},"18":{"start":{"line":77,"column":14},"end":{"line":97,"column":2}}},"fnMap":{"0":{"name":"(anonymous_0)","decl":{"start":{"line":20,"column":13},"end":{"line":20,"column":14}},"loc":{"start":{"line":20,"column":19},"end":{"line":75,"column":1}},"line":20},"1":{"name":"(anonymous_1)","decl":{"start":{"line":25,"column":12},"end":{"line":25,"column":13}},"loc":{"start":{"line":25,"column":18},"end":{"line":30,"column":3}},"line":25},"2":{"name":"(anonymous_2)","decl":{"start":{"line":27,"column":39},"end":{"line":27,"column":40}},"loc":{"start":{"line":27,"column":47},"end":{"line":29,"column":5}},"line":27},"3":{"name":"(anonymous_3)","decl":{"start":{"line":32,"column":19},"end":{"line":32,"column":20}},"loc":{"start":{"line":32,"column":25},"end":{"line":40,"column":3}},"line":32},"4":{"name":"(anonymous_4)","decl":{"start":{"line":33,"column":41},"end":{"line":33,"column":42}},"loc":{"start":{"line":33,"column":48},"end":{"line":39,"column":5}},"line":33},"5":{"name":"(anonymous_5)","decl":{"start":{"line":60,"column":30},"end":{"line":60,"column":31}},"loc":{"start":{"line":61,"column":12},"end":{"line":63,"column":19}},"line":61},"6":{"name":"(anonymous_6)","decl":{"start":{"line":65,"column":22},"end":{"line":65,"column":23}},"loc":{"start":{"line":66,"column":12},"end":{"line":69,"column":14}},"line":66},"7":{"name":"(anonymous_7)","decl":{"start":{"line":68,"column":23},"end":{"line":68,"column":24}},"loc":{"start":{"line":68,"column":29},"end":{"line":68,"column":62}},"line":68}},"branchMap":{"0":{"loc":{"start":{"line":34,"column":6},"end":{"line":38,"column":7}},"type":"if","locations":[{"start":{"line":34,"column":6},"end":{"line":38,"column":7}},{"start":{"line":36,"column":13},"end":{"line":38,"column":7}}],"line":34}},"s":{"0":1,"1":9,"2":9,"3":9,"4":9,"5":9,"6":6,"7":6,"8":6,"9":9,"10":2,"11":2,"12":1,"13":1,"14":9,"15":7,"16":6,"17":3,"18":1},"f":{"0":9,"1":6,"2":6,"3":2,"4":2,"5":7,"6":6,"7":3},"b":{"0":[1,1]},"_coverageSchema":"1a1c01bbd47fc00a2c39e90264f33305004495a9","hash":"c465ff30fe2e21f45fcb50a89435b049c6f2bb96"}
,"/Users/pcq242/Documents/ReactNative/TestDemo/src/screens/Login/Login.tsx": {"path":"/Users/pcq242/Documents/ReactNative/TestDemo/src/screens/Login/Login.tsx","statementMap":{"0":{"start":{"line":14,"column":14},"end":{"line":64,"column":1}},"1":{"start":{"line":15,"column":21},"end":{"line":15,"column":36}},"2":{"start":{"line":16,"column":34},"end":{"line":16,"column":46}},"3":{"start":{"line":17,"column":34},"end":{"line":17,"column":46}},"4":{"start":{"line":19,"column":18},"end":{"line":37,"column":3}},"5":{"start":{"line":20,"column":17},"end":{"line":23,"column":5}},"6":{"start":{"line":24,"column":4},"end":{"line":36,"column":7}},"7":{"start":{"line":25,"column":6},"end":{"line":35,"column":7}},"8":{"start":{"line":26,"column":8},"end":{"line":32,"column":11}},"9":{"start":{"line":27,"column":10},"end":{"line":31,"column":11}},"10":{"start":{"line":28,"column":12},"end":{"line":28,"column":68}},"11":{"start":{"line":30,"column":12},"end":{"line":30,"column":49}},"12":{"start":{"line":34,"column":8},"end":{"line":34,"column":65}},"13":{"start":{"line":39,"column":2},"end":{"line":63,"column":4}},"14":{"start":{"line":43,"column":30},"end":{"line":43,"column":47}},"15":{"start":{"line":50,"column":30},"end":{"line":50,"column":47}},"16":{"start":{"line":59,"column":23},"end":{"line":59,"column":60}},"17":{"start":{"line":66,"column":14},"end":{"line":85,"column":2}}},"fnMap":{"0":{"name":"(anonymous_0)","decl":{"start":{"line":14,"column":14},"end":{"line":14,"column":15}},"loc":{"start":{"line":14,"column":20},"end":{"line":64,"column":1}},"line":14},"1":{"name":"(anonymous_1)","decl":{"start":{"line":19,"column":18},"end":{"line":19,"column":19}},"loc":{"start":{"line":19,"column":24},"end":{"line":37,"column":3}},"line":19},"2":{"name":"(anonymous_2)","decl":{"start":{"line":24,"column":41},"end":{"line":24,"column":42}},"loc":{"start":{"line":24,"column":48},"end":{"line":36,"column":5}},"line":24},"3":{"name":"(anonymous_3)","decl":{"start":{"line":26,"column":47},"end":{"line":26,"column":48}},"loc":{"start":{"line":26,"column":52},"end":{"line":32,"column":9}},"line":26},"4":{"name":"(anonymous_4)","decl":{"start":{"line":43,"column":22},"end":{"line":43,"column":23}},"loc":{"start":{"line":43,"column":30},"end":{"line":43,"column":47}},"line":43},"5":{"name":"(anonymous_5)","decl":{"start":{"line":50,"column":22},"end":{"line":50,"column":23}},"loc":{"start":{"line":50,"column":30},"end":{"line":50,"column":47}},"line":50},"6":{"name":"(anonymous_6)","decl":{"start":{"line":59,"column":17},"end":{"line":59,"column":18}},"loc":{"start":{"line":59,"column":23},"end":{"line":59,"column":60}},"line":59}},"branchMap":{"0":{"loc":{"start":{"line":25,"column":6},"end":{"line":35,"column":7}},"type":"if","locations":[{"start":{"line":25,"column":6},"end":{"line":35,"column":7}},{"start":{"line":33,"column":13},"end":{"line":35,"column":7}}],"line":25},"1":{"loc":{"start":{"line":27,"column":10},"end":{"line":31,"column":11}},"type":"if","locations":[{"start":{"line":27,"column":10},"end":{"line":31,"column":11}},{"start":{"line":29,"column":17},"end":{"line":31,"column":11}}],"line":27}},"s":{"0":1,"1":8,"2":8,"3":8,"4":8,"5":5,"6":5,"7":5,"8":3,"9":3,"10":1,"11":2,"12":2,"13":8,"14":4,"15":4,"16":1,"17":1},"f":{"0":8,"1":5,"2":5,"3":3,"4":4,"5":4,"6":1},"b":{"0":[3,2],"1":[1,2]},"_coverageSchema":"1a1c01bbd47fc00a2c39e90264f33305004495a9","hash":"f81e48dfa38eca03de9fed5336fbe1ae987d64fd"}
,"/Users/pcq242/Documents/ReactNative/TestDemo/src/screens/Register/Register.tsx": {"path":"/Users/pcq242/Documents/ReactNative/TestDemo/src/screens/Register/Register.tsx","statementMap":{"0":{"start":{"line":14,"column":17},"end":{"line":58,"column":1}},"1":{"start":{"line":15,"column":21},"end":{"line":15,"column":36}},"2":{"start":{"line":16,"column":34},"end":{"line":16,"column":46}},"3":{"start":{"line":17,"column":34},"end":{"line":17,"column":46}},"4":{"start":{"line":19,"column":21},"end":{"line":31,"column":3}},"5":{"start":{"line":20,"column":17},"end":{"line":23,"column":5}},"6":{"start":{"line":24,"column":4},"end":{"line":30,"column":7}},"7":{"start":{"line":25,"column":6},"end":{"line":29,"column":7}},"8":{"start":{"line":26,"column":8},"end":{"line":26,"column":31}},"9":{"start":{"line":28,"column":8},"end":{"line":28,"column":29}},"10":{"start":{"line":33,"column":2},"end":{"line":57,"column":4}},"11":{"start":{"line":37,"column":30},"end":{"line":37,"column":47}},"12":{"start":{"line":44,"column":30},"end":{"line":44,"column":47}},"13":{"start":{"line":53,"column":23},"end":{"line":53,"column":57}},"14":{"start":{"line":60,"column":14},"end":{"line":79,"column":2}}},"fnMap":{"0":{"name":"(anonymous_0)","decl":{"start":{"line":14,"column":17},"end":{"line":14,"column":18}},"loc":{"start":{"line":14,"column":23},"end":{"line":58,"column":1}},"line":14},"1":{"name":"(anonymous_1)","decl":{"start":{"line":19,"column":21},"end":{"line":19,"column":22}},"loc":{"start":{"line":19,"column":27},"end":{"line":31,"column":3}},"line":19},"2":{"name":"(anonymous_2)","decl":{"start":{"line":24,"column":36},"end":{"line":24,"column":37}},"loc":{"start":{"line":24,"column":41},"end":{"line":30,"column":5}},"line":24},"3":{"name":"(anonymous_3)","decl":{"start":{"line":37,"column":22},"end":{"line":37,"column":23}},"loc":{"start":{"line":37,"column":30},"end":{"line":37,"column":47}},"line":37},"4":{"name":"(anonymous_4)","decl":{"start":{"line":44,"column":22},"end":{"line":44,"column":23}},"loc":{"start":{"line":44,"column":30},"end":{"line":44,"column":47}},"line":44},"5":{"name":"(anonymous_5)","decl":{"start":{"line":53,"column":17},"end":{"line":53,"column":18}},"loc":{"start":{"line":53,"column":23},"end":{"line":53,"column":57}},"line":53}},"branchMap":{"0":{"loc":{"start":{"line":25,"column":6},"end":{"line":29,"column":7}},"type":"if","locations":[{"start":{"line":25,"column":6},"end":{"line":29,"column":7}},{"start":{"line":27,"column":13},"end":{"line":29,"column":7}}],"line":25}},"s":{"0":1,"1":7,"2":7,"3":7,"4":7,"5":3,"6":3,"7":3,"8":1,"9":2,"10":7,"11":4,"12":4,"13":1,"14":1},"f":{"0":7,"1":3,"2":3,"3":4,"4":4,"5":1},"b":{"0":[1,2]},"_coverageSchema":"1a1c01bbd47fc00a2c39e90264f33305004495a9","hash":"1e2c01e898ad6fb64fd4f06658497f092a9a98e9"}
,"/Users/pcq242/Documents/ReactNative/TestDemo/src/screens/Splash/Splash.tsx": {"path":"/Users/pcq242/Documents/ReactNative/TestDemo/src/screens/Splash/Splash.tsx","statementMap":{"0":{"start":{"line":7,"column":15},"end":{"line":33,"column":1}},"1":{"start":{"line":8,"column":21},"end":{"line":8,"column":36}},"2":{"start":{"line":9,"column":2},"end":{"line":21,"column":19}},"3":{"start":{"line":10,"column":4},"end":{"line":20,"column":7}},"4":{"start":{"line":11,"column":6},"end":{"line":19,"column":7}},"5":{"start":{"line":12,"column":8},"end":{"line":14,"column":17}},"6":{"start":{"line":13,"column":10},"end":{"line":13,"column":67}},"7":{"start":{"line":16,"column":8},"end":{"line":18,"column":17}},"8":{"start":{"line":17,"column":10},"end":{"line":17,"column":66}},"9":{"start":{"line":23,"column":2},"end":{"line":32,"column":4}},"10":{"start":{"line":35,"column":15},"end":{"line":46,"column":2}}},"fnMap":{"0":{"name":"(anonymous_0)","decl":{"start":{"line":7,"column":15},"end":{"line":7,"column":16}},"loc":{"start":{"line":7,"column":21},"end":{"line":33,"column":1}},"line":7},"1":{"name":"(anonymous_1)","decl":{"start":{"line":9,"column":12},"end":{"line":9,"column":13}},"loc":{"start":{"line":9,"column":18},"end":{"line":21,"column":3}},"line":9},"2":{"name":"(anonymous_2)","decl":{"start":{"line":10,"column":39},"end":{"line":10,"column":40}},"loc":{"start":{"line":10,"column":51},"end":{"line":20,"column":5}},"line":10},"3":{"name":"(anonymous_3)","decl":{"start":{"line":12,"column":19},"end":{"line":12,"column":20}},"loc":{"start":{"line":12,"column":25},"end":{"line":14,"column":9}},"line":12},"4":{"name":"(anonymous_4)","decl":{"start":{"line":16,"column":19},"end":{"line":16,"column":20}},"loc":{"start":{"line":16,"column":25},"end":{"line":18,"column":9}},"line":16}},"branchMap":{"0":{"loc":{"start":{"line":11,"column":6},"end":{"line":19,"column":7}},"type":"if","locations":[{"start":{"line":11,"column":6},"end":{"line":19,"column":7}},{"start":{"line":15,"column":13},"end":{"line":19,"column":7}}],"line":11}},"s":{"0":1,"1":4,"2":4,"3":4,"4":4,"5":3,"6":3,"7":1,"8":1,"9":4,"10":1},"f":{"0":4,"1":4,"2":4,"3":3,"4":1},"b":{"0":[3,1]},"_coverageSchema":"1a1c01bbd47fc00a2c39e90264f33305004495a9","hash":"e7b2392907fb875c0da5abde1f71e9d46448e5d7"}
,"/Users/pcq242/Documents/ReactNative/TestDemo/src/service/api/api.ts": {"path":"/Users/pcq242/Documents/ReactNative/TestDemo/src/service/api/api.ts","statementMap":{"0":{"start":{"line":3,"column":20},"end":{"line":9,"column":2}}},"fnMap":{},"branchMap":{},"s":{"0":9},"f":{},"b":{},"_coverageSchema":"1a1c01bbd47fc00a2c39e90264f33305004495a9","hash":"5aaa92647abbf355d4b319a23f4f20f092abed4b"}
,"/Users/pcq242/Documents/ReactNative/TestDemo/src/service/api/index.ts": {"path":"/Users/pcq242/Documents/ReactNative/TestDemo/src/service/api/index.ts","statementMap":{"0":{"start":{"line":3,"column":17},"end":{"line":5,"column":1}},"1":{"start":{"line":4,"column":2},"end":{"line":4,"column":50}},"2":{"start":{"line":7,"column":23},"end":{"line":9,"column":1}},"3":{"start":{"line":8,"column":2},"end":{"line":8,"column":45}}},"fnMap":{"0":{"name":"(anonymous_0)","decl":{"start":{"line":3,"column":17},"end":{"line":3,"column":18}},"loc":{"start":{"line":3,"column":41},"end":{"line":5,"column":1}},"line":3},"1":{"name":"(anonymous_1)","decl":{"start":{"line":7,"column":23},"end":{"line":7,"column":24}},"loc":{"start":{"line":7,"column":47},"end":{"line":9,"column":1}},"line":7}},"branchMap":{"0":{"loc":{"start":{"line":3,"column":18},"end":{"line":3,"column":36}},"type":"default-arg","locations":[{"start":{"line":3,"column":35},"end":{"line":3,"column":36}}],"line":3},"1":{"loc":{"start":{"line":7,"column":24},"end":{"line":7,"column":42}},"type":"default-arg","locations":[{"start":{"line":7,"column":41},"end":{"line":7,"column":42}}],"line":7}},"s":{"0":9,"1":6,"2":9,"3":0},"f":{"0":6,"1":0},"b":{"0":[0],"1":[0]},"_coverageSchema":"1a1c01bbd47fc00a2c39e90264f33305004495a9","hash":"2da45f13f47d9b74a285012382e1d2d2040438ce"}
,"/Users/pcq242/Documents/ReactNative/TestDemo/src/service/async-storage/asyncStorage.ts": {"path":"/Users/pcq242/Documents/ReactNative/TestDemo/src/service/async-storage/asyncStorage.ts","statementMap":{"0":{"start":{"line":3,"column":23},"end":{"line":10,"column":1}},"1":{"start":{"line":4,"column":2},"end":{"line":9,"column":3}},"2":{"start":{"line":5,"column":22},"end":{"line":5,"column":65}},"3":{"start":{"line":6,"column":4},"end":{"line":6,"column":60}},"4":{"start":{"line":8,"column":4},"end":{"line":8,"column":16}},"5":{"start":{"line":12,"column":17},"end":{"line":19,"column":1}},"6":{"start":{"line":13,"column":2},"end":{"line":18,"column":3}},"7":{"start":{"line":14,"column":22},"end":{"line":14,"column":63}},"8":{"start":{"line":15,"column":4},"end":{"line":15,"column":59}},"9":{"start":{"line":17,"column":4},"end":{"line":17,"column":14}},"10":{"start":{"line":21,"column":16},"end":{"line":30,"column":1}},"11":{"start":{"line":22,"column":2},"end":{"line":29,"column":3}},"12":{"start":{"line":23,"column":22},"end":{"line":23,"column":38}},"13":{"start":{"line":24,"column":17},"end":{"line":24,"column":55}},"14":{"start":{"line":25,"column":4},"end":{"line":25,"column":52}},"15":{"start":{"line":26,"column":4},"end":{"line":26,"column":16}},"16":{"start":{"line":28,"column":4},"end":{"line":28,"column":17}},"17":{"start":{"line":32,"column":21},"end":{"line":42,"column":1}},"18":{"start":{"line":33,"column":2},"end":{"line":41,"column":3}},"19":{"start":{"line":34,"column":22},"end":{"line":34,"column":38}},"20":{"start":{"line":35,"column":4},"end":{"line":38,"column":6}},"21":{"start":{"line":37,"column":8},"end":{"line":37,"column":76}},"22":{"start":{"line":40,"column":4},"end":{"line":40,"column":17}},"23":{"start":{"line":44,"column":23},"end":{"line":52,"column":1}},"24":{"start":{"line":45,"column":2},"end":{"line":51,"column":3}},"25":{"start":{"line":46,"column":23},"end":{"line":46,"column":43}},"26":{"start":{"line":47,"column":4},"end":{"line":47,"column":60}},"27":{"start":{"line":48,"column":4},"end":{"line":48,"column":16}},"28":{"start":{"line":50,"column":4},"end":{"line":50,"column":17}},"29":{"start":{"line":53,"column":25},"end":{"line":60,"column":1}},"30":{"start":{"line":54,"column":2},"end":{"line":59,"column":3}},"31":{"start":{"line":55,"column":4},"end":{"line":55,"column":51}},"32":{"start":{"line":56,"column":4},"end":{"line":56,"column":16}},"33":{"start":{"line":58,"column":4},"end":{"line":58,"column":17}}},"fnMap":{"0":{"name":"(anonymous_0)","decl":{"start":{"line":3,"column":23},"end":{"line":3,"column":24}},"loc":{"start":{"line":3,"column":35},"end":{"line":10,"column":1}},"line":3},"1":{"name":"(anonymous_1)","decl":{"start":{"line":12,"column":17},"end":{"line":12,"column":18}},"loc":{"start":{"line":12,"column":29},"end":{"line":19,"column":1}},"line":12},"2":{"name":"(anonymous_2)","decl":{"start":{"line":21,"column":16},"end":{"line":21,"column":17}},"loc":{"start":{"line":21,"column":70},"end":{"line":30,"column":1}},"line":21},"3":{"name":"(anonymous_3)","decl":{"start":{"line":32,"column":21},"end":{"line":32,"column":22}},"loc":{"start":{"line":32,"column":75},"end":{"line":42,"column":1}},"line":32},"4":{"name":"(anonymous_4)","decl":{"start":{"line":36,"column":6},"end":{"line":36,"column":7}},"loc":{"start":{"line":37,"column":8},"end":{"line":37,"column":76}},"line":37},"5":{"name":"(anonymous_5)","decl":{"start":{"line":44,"column":23},"end":{"line":44,"column":24}},"loc":{"start":{"line":44,"column":77},"end":{"line":52,"column":1}},"line":44},"6":{"name":"(anonymous_6)","decl":{"start":{"line":53,"column":25},"end":{"line":53,"column":26}},"loc":{"start":{"line":53,"column":37},"end":{"line":60,"column":1}},"line":53}},"branchMap":{"0":{"loc":{"start":{"line":6,"column":11},"end":{"line":6,"column":59}},"type":"cond-expr","locations":[{"start":{"line":6,"column":31},"end":{"line":6,"column":52}},{"start":{"line":6,"column":55},"end":{"line":6,"column":59}}],"line":6},"1":{"loc":{"start":{"line":15,"column":11},"end":{"line":15,"column":58}},"type":"cond-expr","locations":[{"start":{"line":15,"column":32},"end":{"line":15,"column":53}},{"start":{"line":15,"column":56},"end":{"line":15,"column":58}}],"line":15},"2":{"loc":{"start":{"line":37,"column":8},"end":{"line":37,"column":76}},"type":"binary-expr","locations":[{"start":{"line":37,"column":8},"end":{"line":37,"column":40}},{"start":{"line":37,"column":44},"end":{"line":37,"column":76}}],"line":37}},"s":{"0":5,"1":10,"2":10,"3":10,"4":0,"5":5,"6":7,"7":7,"8":7,"9":0,"10":5,"11":3,"12":3,"13":3,"14":3,"15":3,"16":0,"17":5,"18":2,"19":2,"20":2,"21":1,"22":0,"23":5,"24":5,"25":5,"26":5,"27":5,"28":0,"29":5,"30":1,"31":1,"32":1,"33":0},"f":{"0":10,"1":7,"2":3,"3":2,"4":1,"5":5,"6":1},"b":{"0":[4,6],"1":[2,5],"2":[1,1]},"_coverageSchema":"1a1c01bbd47fc00a2c39e90264f33305004495a9","hash":"2b91640766d39da3bde5b28ea841f42ecbc1d5af"}
,"/Users/pcq242/Documents/ReactNative/TestDemo/src/service/date/formatDate.ts": {"path":"/Users/pcq242/Documents/ReactNative/TestDemo/src/service/date/formatDate.ts","statementMap":{"0":{"start":{"line":3,"column":26},"end":{"line":5,"column":1}},"1":{"start":{"line":4,"column":2},"end":{"line":4,"column":51}}},"fnMap":{"0":{"name":"(anonymous_0)","decl":{"start":{"line":3,"column":26},"end":{"line":3,"column":27}},"loc":{"start":{"line":3,"column":72},"end":{"line":5,"column":1}},"line":3}},"branchMap":{},"s":{"0":2,"1":13},"f":{"0":13},"b":{},"_coverageSchema":"1a1c01bbd47fc00a2c39e90264f33305004495a9","hash":"04ee5751b63ab6fe8f6127d0a903c79956db2694"}
,"/Users/pcq242/Documents/ReactNative/TestDemo/src/service/users/index.ts": {"path":"/Users/pcq242/Documents/ReactNative/TestDemo/src/service/users/index.ts","statementMap":{},"fnMap":{},"branchMap":{},"s":{},"f":{},"b":{},"_coverageSchema":"1a1c01bbd47fc00a2c39e90264f33305004495a9","hash":"c37329f01a2dd04ee253b61df1642176deabd157"}
,"/Users/pcq242/Documents/ReactNative/TestDemo/src/service/users/users.actions.ts": {"path":"/Users/pcq242/Documents/ReactNative/TestDemo/src/service/users/users.actions.ts","statementMap":{"0":{"start":{"line":3,"column":17},"end":{"line":6,"column":2}},"1":{"start":{"line":3,"column":34},"end":{"line":6,"column":1}},"2":{"start":{"line":8,"column":17},"end":{"line":11,"column":2}},"3":{"start":{"line":8,"column":38},"end":{"line":11,"column":1}}},"fnMap":{"0":{"name":"(anonymous_0)","decl":{"start":{"line":3,"column":17},"end":{"line":3,"column":18}},"loc":{"start":{"line":3,"column":34},"end":{"line":6,"column":1}},"line":3},"1":{"name":"(anonymous_1)","decl":{"start":{"line":8,"column":17},"end":{"line":8,"column":18}},"loc":{"start":{"line":8,"column":38},"end":{"line":11,"column":1}},"line":8}},"branchMap":{},"s":{"0":9,"1":2,"2":9,"3":6},"f":{"0":2,"1":6},"b":{},"_coverageSchema":"1a1c01bbd47fc00a2c39e90264f33305004495a9","hash":"e7896e97db94ed5e0cbedb17ee3658ce681a6a68"}
,"/Users/pcq242/Documents/ReactNative/TestDemo/src/service/users/users.reducers.ts": {"path":"/Users/pcq242/Documents/ReactNative/TestDemo/src/service/users/users.reducers.ts","statementMap":{"0":{"start":{"line":4,"column":33},"end":{"line":6,"column":1}},"1":{"start":{"line":12,"column":2},"end":{"line":20,"column":3}},"2":{"start":{"line":14,"column":6},"end":{"line":17,"column":8}},"3":{"start":{"line":19,"column":6},"end":{"line":19,"column":19}}},"fnMap":{"0":{"name":"(anonymous_0)","decl":{"start":{"line":8,"column":15},"end":{"line":8,"column":16}},"loc":{"start":{"line":11,"column":5},"end":{"line":21,"column":1}},"line":11}},"branchMap":{"0":{"loc":{"start":{"line":9,"column":2},"end":{"line":9,"column":34}},"type":"default-arg","locations":[{"start":{"line":9,"column":22},"end":{"line":9,"column":34}}],"line":9},"1":{"loc":{"start":{"line":12,"column":2},"end":{"line":20,"column":3}},"type":"switch","locations":[{"start":{"line":13,"column":4},"end":{"line":17,"column":8}},{"start":{"line":18,"column":4},"end":{"line":19,"column":19}}],"line":12}},"s":{"0":9,"1":46,"2":2,"3":44},"f":{"0":46},"b":{"0":[39],"1":[2,44]},"_coverageSchema":"1a1c01bbd47fc00a2c39e90264f33305004495a9","hash":"2528e766977b5ff697d1d3564c55440395e32d92"}
,"/Users/pcq242/Documents/ReactNative/TestDemo/src/service/users/users.sagas.ts": {"path":"/Users/pcq242/Documents/ReactNative/TestDemo/src/service/users/users.sagas.ts","statementMap":{"0":{"start":{"line":8,"column":2},"end":{"line":19,"column":3}},"1":{"start":{"line":9,"column":19},"end":{"line":9,"column":46}},"2":{"start":{"line":10,"column":21},"end":{"line":10,"column":53}},"3":{"start":{"line":11,"column":4},"end":{"line":16,"column":5}},"4":{"start":{"line":12,"column":19},"end":{"line":12,"column":33}},"5":{"start":{"line":13,"column":6},"end":{"line":13,"column":45}},"6":{"start":{"line":15,"column":6},"end":{"line":15,"column":58}},"7":{"start":{"line":18,"column":4},"end":{"line":18,"column":46}},"8":{"start":{"line":23,"column":2},"end":{"line":23,"column":52}}},"fnMap":{"0":{"name":"fetchUsers","decl":{"start":{"line":7,"column":10},"end":{"line":7,"column":20}},"loc":{"start":{"line":7,"column":47},"end":{"line":20,"column":1}},"line":7},"1":{"name":"root","decl":{"start":{"line":22,"column":25},"end":{"line":22,"column":29}},"loc":{"start":{"line":22,"column":32},"end":{"line":24,"column":1}},"line":22}},"branchMap":{"0":{"loc":{"start":{"line":9,"column":19},"end":{"line":9,"column":46}},"type":"binary-expr","locations":[{"start":{"line":9,"column":19},"end":{"line":9,"column":41}},{"start":{"line":9,"column":45},"end":{"line":9,"column":46}}],"line":9},"1":{"loc":{"start":{"line":11,"column":4},"end":{"line":16,"column":5}},"type":"if","locations":[{"start":{"line":11,"column":4},"end":{"line":16,"column":5}},{"start":{"line":14,"column":11},"end":{"line":16,"column":5}}],"line":11}},"s":{"0":5,"1":5,"2":5,"3":0,"4":0,"5":0,"6":0,"7":0,"8":21},"f":{"0":5,"1":21},"b":{"0":[5,0],"1":[0,0]},"_coverageSchema":"1a1c01bbd47fc00a2c39e90264f33305004495a9","hash":"17e3e451ea4a4fb273131591ff23db47df89f106"}
,"/Users/pcq242/Documents/ReactNative/TestDemo/src/service/users/users.selector.ts": {"path":"/Users/pcq242/Documents/ReactNative/TestDemo/src/service/users/users.selector.ts","statementMap":{"0":{"start":{"line":3,"column":21},"end":{"line":3,"column":55}},"1":{"start":{"line":3,"column":37},"end":{"line":3,"column":55}},"2":{"start":{"line":5,"column":17},"end":{"line":5,"column":70}},"3":{"start":{"line":5,"column":56},"end":{"line":5,"column":69}}},"fnMap":{"0":{"name":"(anonymous_0)","decl":{"start":{"line":3,"column":21},"end":{"line":3,"column":22}},"loc":{"start":{"line":3,"column":37},"end":{"line":3,"column":55}},"line":3},"1":{"name":"(anonymous_1)","decl":{"start":{"line":5,"column":46},"end":{"line":5,"column":47}},"loc":{"start":{"line":5,"column":56},"end":{"line":5,"column":69}},"line":5}},"branchMap":{},"s":{"0":9,"1":6,"2":9,"3":4},"f":{"0":6,"1":4},"b":{},"_coverageSchema":"1a1c01bbd47fc00a2c39e90264f33305004495a9","hash":"bcabb4ef57c906f038e62c591686cbc4d101f863"}
,"/Users/pcq242/Documents/ReactNative/TestDemo/src/service/users/users.types.ts": {"path":"/Users/pcq242/Documents/ReactNative/TestDemo/src/service/users/users.types.ts","statementMap":{},"fnMap":{},"branchMap":{},"s":{},"f":{},"b":{},"_coverageSchema":"1a1c01bbd47fc00a2c39e90264f33305004495a9","hash":"939252301b91636a103d2b0637d27394056f832c"}
}
