{"/Users/pcq242/Documents/ReactNative/TestDemo/helpers/renderWithNavigatorAndRedux.tsx": {"path":"/Users/pcq242/Documents/ReactNative/TestDemo/helpers/renderWithNavigatorAndRedux.tsx","statementMap":{"0":{"start":{"line":12,"column":25},"end":{"line":12,"column":47}},"1":{"start":{"line":13,"column":16},"end":{"line":13,"column":73}},"2":{"start":{"line":14,"column":2},"end":{"line":14,"column":27}},"3":{"start":{"line":15,"column":2},"end":{"line":19,"column":4}}},"fnMap":{"0":{"name":"renderWithNavigatorAndRedux","decl":{"start":{"line":11,"column":16},"end":{"line":11,"column":43}},"loc":{"start":{"line":11,"column":66},"end":{"line":20,"column":1}},"line":11}},"branchMap":{},"s":{"0":5,"1":5,"2":5,"3":5},"f":{"0":5},"b":{},"_coverageSchema":"1a1c01bbd47fc00a2c39e90264f33305004495a9","hash":"52d373f153b7919b99f3cda0a8284b3746c38d39"}
,"/Users/pcq242/Documents/ReactNative/TestDemo/src/App.reducers.ts": {"path":"/Users/pcq242/Documents/ReactNative/TestDemo/src/App.reducers.ts","statementMap":{"0":{"start":{"line":4,"column":20},"end":{"line":6,"column":2}}},"fnMap":{},"branchMap":{},"s":{"0":5},"f":{},"b":{},"_coverageSchema":"1a1c01bbd47fc00a2c39e90264f33305004495a9","hash":"7e9b72cea65da2ae873b8f0ec053f9bf18ed34d2"}
,"/Users/pcq242/Documents/ReactNative/TestDemo/src/App.sagas.ts": {"path":"/Users/pcq242/Documents/ReactNative/TestDemo/src/App.sagas.ts","statementMap":{"0":{"start":{"line":5,"column":2},"end":{"line":5,"column":28}}},"fnMap":{"0":{"name":"root","decl":{"start":{"line":4,"column":25},"end":{"line":4,"column":29}},"loc":{"start":{"line":4,"column":32},"end":{"line":6,"column":1}},"line":4}},"branchMap":{},"s":{"0":5},"f":{"0":5},"b":{},"_coverageSchema":"1a1c01bbd47fc00a2c39e90264f33305004495a9","hash":"a2099360fe4cbfc3ca7ecf7b03cafa4c00b4ab61"}
,"/Users/pcq242/Documents/ReactNative/TestDemo/src/assets/arrow.png": {"path":"/Users/pcq242/Documents/ReactNative/TestDemo/src/assets/arrow.png","statementMap":{"0":{"start":{"line":1,"column":0},"end":{"line":4,"column":6}}},"fnMap":{},"branchMap":{},"s":{"0":1},"f":{},"b":{},"_coverageSchema":"1a1c01bbd47fc00a2c39e90264f33305004495a9","hash":"fdfa38a44d9393148206b9289261aee46fb3158d"}
,"/Users/pcq242/Documents/ReactNative/TestDemo/src/assets/assets.tsx": {"path":"/Users/pcq242/Documents/ReactNative/TestDemo/src/assets/assets.tsx","statementMap":{"0":{"start":{"line":1,"column":23},"end":{"line":1,"column":44}},"1":{"start":{"line":2,"column":23},"end":{"line":2,"column":45}}},"fnMap":{},"branchMap":{},"s":{"0":1,"1":1},"f":{},"b":{},"_coverageSchema":"1a1c01bbd47fc00a2c39e90264f33305004495a9","hash":"7a2fceab3248c5fbbc107d1e4343d4107774d055"}
,"/Users/pcq242/Documents/ReactNative/TestDemo/src/assets/chat.png": {"path":"/Users/pcq242/Documents/ReactNative/TestDemo/src/assets/chat.png","statementMap":{"0":{"start":{"line":1,"column":0},"end":{"line":4,"column":6}}},"fnMap":{},"branchMap":{},"s":{"0":1},"f":{},"b":{},"_coverageSchema":"1a1c01bbd47fc00a2c39e90264f33305004495a9","hash":"a3a31b640674063d9a3b22a2c92df651b6418d55"}
,"/Users/pcq242/Documents/ReactNative/TestDemo/src/components/CardView.tsx": {"path":"/Users/pcq242/Documents/ReactNative/TestDemo/src/components/CardView.tsx","statementMap":{"0":{"start":{"line":10,"column":34},"end":{"line":34,"column":1}},"1":{"start":{"line":11,"column":2},"end":{"line":33,"column":4}},"2":{"start":{"line":36,"column":14},"end":{"line":57,"column":2}}},"fnMap":{"0":{"name":"(anonymous_0)","decl":{"start":{"line":10,"column":34},"end":{"line":10,"column":35}},"loc":{"start":{"line":10,"column":55},"end":{"line":34,"column":1}},"line":10}},"branchMap":{"0":{"loc":{"start":{"line":26,"column":31},"end":{"line":26,"column":79}},"type":"cond-expr","locations":[{"start":{"line":26,"column":58},"end":{"line":26,"column":67}},{"start":{"line":26,"column":70},"end":{"line":26,"column":79}}],"line":26}},"s":{"0":2,"1":4,"2":2},"f":{"0":4},"b":{"0":[4,0]},"_coverageSchema":"1a1c01bbd47fc00a2c39e90264f33305004495a9","hash":"4c484dafc28318f162870969fd552a8876702021"}
,"/Users/pcq242/Documents/ReactNative/TestDemo/src/screens/Home/Home.tsx": {"path":"/Users/pcq242/Documents/ReactNative/TestDemo/src/screens/Home/Home.tsx","statementMap":{"0":{"start":{"line":9,"column":13},"end":{"line":42,"column":1}},"1":{"start":{"line":10,"column":21},"end":{"line":10,"column":36}},"2":{"start":{"line":11,"column":16},"end":{"line":11,"column":66}},"3":{"start":{"line":12,"column":19},"end":{"line":12,"column":32}},"4":{"start":{"line":13,"column":2},"end":{"line":15,"column":9}},"5":{"start":{"line":14,"column":4},"end":{"line":14,"column":39}},"6":{"start":{"line":17,"column":2},"end":{"line":41,"column":4}},"7":{"start":{"line":31,"column":12},"end":{"line":33,"column":19}},"8":{"start":{"line":36,"column":12},"end":{"line":36,"column":60}},"9":{"start":{"line":44,"column":14},"end":{"line":61,"column":2}}},"fnMap":{"0":{"name":"(anonymous_0)","decl":{"start":{"line":9,"column":13},"end":{"line":9,"column":14}},"loc":{"start":{"line":9,"column":19},"end":{"line":42,"column":1}},"line":9},"1":{"name":"(anonymous_1)","decl":{"start":{"line":13,"column":12},"end":{"line":13,"column":13}},"loc":{"start":{"line":13,"column":18},"end":{"line":15,"column":3}},"line":13},"2":{"name":"(anonymous_2)","decl":{"start":{"line":30,"column":30},"end":{"line":30,"column":31}},"loc":{"start":{"line":31,"column":12},"end":{"line":33,"column":19}},"line":31},"3":{"name":"(anonymous_3)","decl":{"start":{"line":35,"column":22},"end":{"line":35,"column":23}},"loc":{"start":{"line":36,"column":12},"end":{"line":36,"column":60}},"line":36}},"branchMap":{},"s":{"0":1,"1":2,"2":2,"3":2,"4":2,"5":2,"6":2,"7":2,"8":0,"9":1},"f":{"0":2,"1":2,"2":2,"3":0},"b":{},"_coverageSchema":"1a1c01bbd47fc00a2c39e90264f33305004495a9","hash":"b999640a91c310f6864e84c852877f9ebe278fd3"}
,"/Users/pcq242/Documents/ReactNative/TestDemo/src/screens/Splash/Splash.tsx": {"path":"/Users/pcq242/Documents/ReactNative/TestDemo/src/screens/Splash/Splash.tsx","statementMap":{"0":{"start":{"line":6,"column":15},"end":{"line":24,"column":1}},"1":{"start":{"line":7,"column":21},"end":{"line":7,"column":36}},"2":{"start":{"line":8,"column":2},"end":{"line":12,"column":19}},"3":{"start":{"line":9,"column":4},"end":{"line":11,"column":13}},"4":{"start":{"line":10,"column":6},"end":{"line":10,"column":62}},"5":{"start":{"line":14,"column":2},"end":{"line":23,"column":4}},"6":{"start":{"line":26,"column":15},"end":{"line":37,"column":2}}},"fnMap":{"0":{"name":"(anonymous_0)","decl":{"start":{"line":6,"column":15},"end":{"line":6,"column":16}},"loc":{"start":{"line":6,"column":21},"end":{"line":24,"column":1}},"line":6},"1":{"name":"(anonymous_1)","decl":{"start":{"line":8,"column":12},"end":{"line":8,"column":13}},"loc":{"start":{"line":8,"column":18},"end":{"line":12,"column":3}},"line":8},"2":{"name":"(anonymous_2)","decl":{"start":{"line":9,"column":15},"end":{"line":9,"column":16}},"loc":{"start":{"line":9,"column":21},"end":{"line":11,"column":5}},"line":9}},"branchMap":{},"s":{"0":1,"1":3,"2":3,"3":3,"4":1,"5":3,"6":1},"f":{"0":3,"1":3,"2":1},"b":{},"_coverageSchema":"1a1c01bbd47fc00a2c39e90264f33305004495a9","hash":"4d19f728ebcdcb98280b7a57546e81466d5d865e"}
,"/Users/pcq242/Documents/ReactNative/TestDemo/src/service/api/api.ts": {"path":"/Users/pcq242/Documents/ReactNative/TestDemo/src/service/api/api.ts","statementMap":{"0":{"start":{"line":3,"column":12},"end":{"line":9,"column":2}}},"fnMap":{},"branchMap":{},"s":{"0":5},"f":{},"b":{},"_coverageSchema":"1a1c01bbd47fc00a2c39e90264f33305004495a9","hash":"61ee803093a8b86713eb5d6a426f3029263f3d82"}
,"/Users/pcq242/Documents/ReactNative/TestDemo/src/service/api/index.ts": {"path":"/Users/pcq242/Documents/ReactNative/TestDemo/src/service/api/index.ts","statementMap":{"0":{"start":{"line":3,"column":17},"end":{"line":6,"column":1}},"1":{"start":{"line":4,"column":19},"end":{"line":4,"column":51}},"2":{"start":{"line":5,"column":2},"end":{"line":5,"column":18}},"3":{"start":{"line":8,"column":23},"end":{"line":10,"column":1}},"4":{"start":{"line":9,"column":2},"end":{"line":9,"column":37}}},"fnMap":{"0":{"name":"(anonymous_0)","decl":{"start":{"line":3,"column":17},"end":{"line":3,"column":18}},"loc":{"start":{"line":3,"column":41},"end":{"line":6,"column":1}},"line":3},"1":{"name":"(anonymous_1)","decl":{"start":{"line":8,"column":23},"end":{"line":8,"column":24}},"loc":{"start":{"line":8,"column":47},"end":{"line":10,"column":1}},"line":8}},"branchMap":{"0":{"loc":{"start":{"line":3,"column":18},"end":{"line":3,"column":36}},"type":"default-arg","locations":[{"start":{"line":3,"column":35},"end":{"line":3,"column":36}}],"line":3},"1":{"loc":{"start":{"line":8,"column":24},"end":{"line":8,"column":42}},"type":"default-arg","locations":[{"start":{"line":8,"column":41},"end":{"line":8,"column":42}}],"line":8}},"s":{"0":5,"1":2,"2":2,"3":5,"4":0},"f":{"0":2,"1":0},"b":{"0":[0],"1":[0]},"_coverageSchema":"1a1c01bbd47fc00a2c39e90264f33305004495a9","hash":"e6519be3b3a76e8c53c48d94c9ce2ad2e74be18f"}
,"/Users/pcq242/Documents/ReactNative/TestDemo/src/service/date/formatDate.ts": {"path":"/Users/pcq242/Documents/ReactNative/TestDemo/src/service/date/formatDate.ts","statementMap":{"0":{"start":{"line":3,"column":26},"end":{"line":5,"column":1}},"1":{"start":{"line":4,"column":2},"end":{"line":4,"column":51}}},"fnMap":{"0":{"name":"(anonymous_0)","decl":{"start":{"line":3,"column":26},"end":{"line":3,"column":27}},"loc":{"start":{"line":3,"column":72},"end":{"line":5,"column":1}},"line":3}},"branchMap":{},"s":{"0":2,"1":6},"f":{"0":6},"b":{},"_coverageSchema":"1a1c01bbd47fc00a2c39e90264f33305004495a9","hash":"04ee5751b63ab6fe8f6127d0a903c79956db2694"}
,"/Users/pcq242/Documents/ReactNative/TestDemo/src/service/users/index.ts": {"path":"/Users/pcq242/Documents/ReactNative/TestDemo/src/service/users/index.ts","statementMap":{},"fnMap":{},"branchMap":{},"s":{},"f":{},"b":{},"_coverageSchema":"1a1c01bbd47fc00a2c39e90264f33305004495a9","hash":"c37329f01a2dd04ee253b61df1642176deabd157"}
,"/Users/pcq242/Documents/ReactNative/TestDemo/src/service/users/users.actions.ts": {"path":"/Users/pcq242/Documents/ReactNative/TestDemo/src/service/users/users.actions.ts","statementMap":{"0":{"start":{"line":3,"column":17},"end":{"line":6,"column":2}},"1":{"start":{"line":3,"column":34},"end":{"line":6,"column":1}},"2":{"start":{"line":8,"column":17},"end":{"line":11,"column":2}},"3":{"start":{"line":8,"column":38},"end":{"line":11,"column":1}}},"fnMap":{"0":{"name":"(anonymous_0)","decl":{"start":{"line":3,"column":17},"end":{"line":3,"column":18}},"loc":{"start":{"line":3,"column":34},"end":{"line":6,"column":1}},"line":3},"1":{"name":"(anonymous_1)","decl":{"start":{"line":8,"column":17},"end":{"line":8,"column":18}},"loc":{"start":{"line":8,"column":38},"end":{"line":11,"column":1}},"line":8}},"branchMap":{},"s":{"0":5,"1":0,"2":5,"3":2},"f":{"0":0,"1":2},"b":{},"_coverageSchema":"1a1c01bbd47fc00a2c39e90264f33305004495a9","hash":"e7896e97db94ed5e0cbedb17ee3658ce681a6a68"}
,"/Users/pcq242/Documents/ReactNative/TestDemo/src/service/users/users.reducers.ts": {"path":"/Users/pcq242/Documents/ReactNative/TestDemo/src/service/users/users.reducers.ts","statementMap":{"0":{"start":{"line":4,"column":33},"end":{"line":6,"column":1}},"1":{"start":{"line":12,"column":2},"end":{"line":20,"column":3}},"2":{"start":{"line":14,"column":6},"end":{"line":17,"column":8}},"3":{"start":{"line":19,"column":6},"end":{"line":19,"column":19}}},"fnMap":{"0":{"name":"(anonymous_0)","decl":{"start":{"line":8,"column":15},"end":{"line":8,"column":16}},"loc":{"start":{"line":11,"column":5},"end":{"line":21,"column":1}},"line":11}},"branchMap":{"0":{"loc":{"start":{"line":9,"column":2},"end":{"line":9,"column":34}},"type":"default-arg","locations":[{"start":{"line":9,"column":22},"end":{"line":9,"column":34}}],"line":9},"1":{"loc":{"start":{"line":12,"column":2},"end":{"line":20,"column":3}},"type":"switch","locations":[{"start":{"line":13,"column":4},"end":{"line":17,"column":8}},{"start":{"line":18,"column":4},"end":{"line":19,"column":19}}],"line":12}},"s":{"0":5,"1":17,"2":0,"3":17},"f":{"0":17},"b":{"0":[15],"1":[0,17]},"_coverageSchema":"1a1c01bbd47fc00a2c39e90264f33305004495a9","hash":"2528e766977b5ff697d1d3564c55440395e32d92"}
,"/Users/pcq242/Documents/ReactNative/TestDemo/src/service/users/users.sagas.ts": {"path":"/Users/pcq242/Documents/ReactNative/TestDemo/src/service/users/users.sagas.ts","statementMap":{"0":{"start":{"line":8,"column":2},"end":{"line":19,"column":3}},"1":{"start":{"line":9,"column":19},"end":{"line":9,"column":46}},"2":{"start":{"line":10,"column":21},"end":{"line":10,"column":53}},"3":{"start":{"line":11,"column":4},"end":{"line":16,"column":5}},"4":{"start":{"line":12,"column":19},"end":{"line":12,"column":33}},"5":{"start":{"line":13,"column":6},"end":{"line":13,"column":45}},"6":{"start":{"line":15,"column":6},"end":{"line":15,"column":58}},"7":{"start":{"line":18,"column":4},"end":{"line":18,"column":46}},"8":{"start":{"line":23,"column":2},"end":{"line":23,"column":52}}},"fnMap":{"0":{"name":"fetchUsers","decl":{"start":{"line":7,"column":10},"end":{"line":7,"column":20}},"loc":{"start":{"line":7,"column":47},"end":{"line":20,"column":1}},"line":7},"1":{"name":"root","decl":{"start":{"line":22,"column":25},"end":{"line":22,"column":29}},"loc":{"start":{"line":22,"column":32},"end":{"line":24,"column":1}},"line":22}},"branchMap":{"0":{"loc":{"start":{"line":9,"column":19},"end":{"line":9,"column":46}},"type":"binary-expr","locations":[{"start":{"line":9,"column":19},"end":{"line":9,"column":41}},{"start":{"line":9,"column":45},"end":{"line":9,"column":46}}],"line":9},"1":{"loc":{"start":{"line":11,"column":4},"end":{"line":16,"column":5}},"type":"if","locations":[{"start":{"line":11,"column":4},"end":{"line":16,"column":5}},{"start":{"line":14,"column":11},"end":{"line":16,"column":5}}],"line":11}},"s":{"0":2,"1":2,"2":2,"3":0,"4":0,"5":0,"6":0,"7":0,"8":5},"f":{"0":2,"1":5},"b":{"0":[2,0],"1":[0,0]},"_coverageSchema":"1a1c01bbd47fc00a2c39e90264f33305004495a9","hash":"17e3e451ea4a4fb273131591ff23db47df89f106"}
,"/Users/pcq242/Documents/ReactNative/TestDemo/src/service/users/users.selector.ts": {"path":"/Users/pcq242/Documents/ReactNative/TestDemo/src/service/users/users.selector.ts","statementMap":{"0":{"start":{"line":3,"column":21},"end":{"line":3,"column":55}},"1":{"start":{"line":3,"column":37},"end":{"line":3,"column":55}},"2":{"start":{"line":5,"column":17},"end":{"line":5,"column":70}},"3":{"start":{"line":5,"column":56},"end":{"line":5,"column":69}}},"fnMap":{"0":{"name":"(anonymous_0)","decl":{"start":{"line":3,"column":21},"end":{"line":3,"column":22}},"loc":{"start":{"line":3,"column":37},"end":{"line":3,"column":55}},"line":3},"1":{"name":"(anonymous_1)","decl":{"start":{"line":5,"column":46},"end":{"line":5,"column":47}},"loc":{"start":{"line":5,"column":56},"end":{"line":5,"column":69}},"line":5}},"branchMap":{},"s":{"0":5,"1":2,"2":5,"3":1},"f":{"0":2,"1":1},"b":{},"_coverageSchema":"1a1c01bbd47fc00a2c39e90264f33305004495a9","hash":"bcabb4ef57c906f038e62c591686cbc4d101f863"}
,"/Users/pcq242/Documents/ReactNative/TestDemo/src/service/users/users.types.ts": {"path":"/Users/pcq242/Documents/ReactNative/TestDemo/src/service/users/users.types.ts","statementMap":{},"fnMap":{},"branchMap":{},"s":{},"f":{},"b":{},"_coverageSchema":"1a1c01bbd47fc00a2c39e90264f33305004495a9","hash":"939252301b91636a103d2b0637d27394056f832c"}
}
