TN:
SF:helpers/renderWithNavigatorAndRedux.tsx
FN:11,renderWithNavigatorAndRedux
FNF:1
FNH:1
FNDA:5,renderWithNavigatorAndRedux
DA:12,5
DA:13,5
DA:14,5
DA:15,5
LF:4
LH:4
BRF:0
BRH:0
end_of_record
TN:
SF:src/App.reducers.ts
FNF:0
FNH:0
DA:4,5
LF:1
LH:1
BRF:0
BRH:0
end_of_record
TN:
SF:src/App.sagas.ts
FN:4,root
FNF:1
FNH:1
FNDA:5,root
DA:5,5
LF:1
LH:1
BRF:0
BRH:0
end_of_record
TN:
SF:src/assets/arrow.png
FNF:0
FNH:0
DA:1,1
LF:1
LH:1
BRF:0
BRH:0
end_of_record
TN:
SF:src/assets/assets.tsx
FNF:0
FNH:0
DA:1,1
DA:2,1
LF:2
LH:2
BRF:0
BRH:0
end_of_record
TN:
SF:src/assets/chat.png
FNF:0
FNH:0
DA:1,1
LF:1
LH:1
BRF:0
BRH:0
end_of_record
TN:
SF:src/components/CardView.tsx
FN:10,(anonymous_0)
FNF:1
FNH:1
FNDA:4,(anonymous_0)
DA:10,2
DA:11,4
DA:36,2
LF:3
LH:3
BRDA:26,0,0,4
BRDA:26,0,1,0
BRF:2
BRH:1
end_of_record
TN:
SF:src/screens/Home/Home.tsx
FN:9,(anonymous_0)
FN:13,(anonymous_1)
FN:30,(anonymous_2)
FN:35,(anonymous_3)
FNF:4
FNH:3
FNDA:2,(anonymous_0)
FNDA:2,(anonymous_1)
FNDA:2,(anonymous_2)
FNDA:0,(anonymous_3)
DA:9,1
DA:10,2
DA:11,2
DA:12,2
DA:13,2
DA:14,2
DA:17,2
DA:31,2
DA:36,0
DA:44,1
LF:10
LH:9
BRF:0
BRH:0
end_of_record
TN:
SF:src/screens/Splash/Splash.tsx
FN:6,(anonymous_0)
FN:8,(anonymous_1)
FN:9,(anonymous_2)
FNF:3
FNH:3
FNDA:3,(anonymous_0)
FNDA:3,(anonymous_1)
FNDA:1,(anonymous_2)
DA:6,1
DA:7,3
DA:8,3
DA:9,3
DA:10,1
DA:14,3
DA:26,1
LF:7
LH:7
BRF:0
BRH:0
end_of_record
TN:
SF:src/service/api/api.ts
FNF:0
FNH:0
DA:3,5
LF:1
LH:1
BRF:0
BRH:0
end_of_record
TN:
SF:src/service/api/index.ts
FN:3,(anonymous_0)
FN:8,(anonymous_1)
FNF:2
FNH:1
FNDA:2,(anonymous_0)
FNDA:0,(anonymous_1)
DA:3,5
DA:4,2
DA:5,2
DA:8,5
DA:9,0
LF:5
LH:4
BRDA:3,0,0,0
BRDA:8,1,0,0
BRF:2
BRH:0
end_of_record
TN:
SF:src/service/date/formatDate.ts
FN:3,(anonymous_0)
FNF:1
FNH:1
FNDA:6,(anonymous_0)
DA:3,2
DA:4,6
LF:2
LH:2
BRF:0
BRH:0
end_of_record
TN:
SF:src/service/users/index.ts
FNF:0
FNH:0
LF:0
LH:0
BRF:0
BRH:0
end_of_record
TN:
SF:src/service/users/users.actions.ts
FN:3,(anonymous_0)
FN:8,(anonymous_1)
FNF:2
FNH:1
FNDA:0,(anonymous_0)
FNDA:2,(anonymous_1)
DA:3,5
DA:8,5
LF:2
LH:2
BRF:0
BRH:0
end_of_record
TN:
SF:src/service/users/users.reducers.ts
FN:8,(anonymous_0)
FNF:1
FNH:1
FNDA:17,(anonymous_0)
DA:4,5
DA:12,17
DA:14,0
DA:19,17
LF:4
LH:3
BRDA:9,0,0,15
BRDA:12,1,0,0
BRDA:12,1,1,17
BRF:3
BRH:2
end_of_record
TN:
SF:src/service/users/users.sagas.ts
FN:7,fetchUsers
FN:22,root
FNF:2
FNH:2
FNDA:2,fetchUsers
FNDA:5,root
DA:8,2
DA:9,2
DA:10,2
DA:11,0
DA:12,0
DA:13,0
DA:15,0
DA:18,0
DA:23,5
LF:9
LH:4
BRDA:9,0,0,2
BRDA:9,0,1,0
BRDA:11,1,0,0
BRDA:11,1,1,0
BRF:4
BRH:1
end_of_record
TN:
SF:src/service/users/users.selector.ts
FN:3,(anonymous_0)
FN:5,(anonymous_1)
FNF:2
FNH:2
FNDA:2,(anonymous_0)
FNDA:1,(anonymous_1)
DA:3,5
DA:5,5
LF:2
LH:2
BRF:0
BRH:0
end_of_record
TN:
SF:src/service/users/users.types.ts
FNF:0
FNH:0
LF:0
LH:0
BRF:0
BRH:0
end_of_record
