TN:
SF:helpers/renderWithNavigatorAndRedux.tsx
FN:11,renderWithNavigatorAndRedux
FNF:1
FNH:1
FNDA:20,renderWithNavigatorAndRedux
DA:15,20
DA:16,20
DA:17,20
DA:19,20
DA:20,2
DA:23,20
LF:6
LH:6
BRDA:19,0,0,2
BRDA:19,0,1,18
BRF:2
BRH:2
end_of_record
TN:
SF:src/App.reducers.ts
FNF:0
FNH:0
DA:4,11
LF:1
LH:1
BRF:0
BRH:0
end_of_record
TN:
SF:src/App.sagas.ts
FN:4,root
FNF:1
FNH:1
FNDA:21,root
DA:5,21
LF:1
LH:1
BRF:0
BRH:0
end_of_record
TN:
SF:src/assets/arrow.png
FNF:0
FNH:0
DA:1,2
LF:1
LH:1
BRF:0
BRH:0
end_of_record
TN:
SF:src/assets/assets.tsx
FNF:0
FNH:0
DA:1,2
DA:2,2
LF:2
LH:2
BRF:0
BRH:0
end_of_record
TN:
SF:src/assets/chat.png
FNF:0
FNH:0
DA:1,2
LF:1
LH:1
BRF:0
BRH:0
end_of_record
TN:
SF:src/components/CardView.tsx
FN:9,(anonymous_0)
FNF:1
FNH:1
FNDA:10,(anonymous_0)
DA:9,2
DA:10,10
DA:35,2
LF:3
LH:3
BRDA:25,0,0,6
BRDA:25,0,1,4
BRF:2
BRH:2
end_of_record
TN:
SF:src/screens/Home/Home.tsx
FN:20,(anonymous_0)
FN:25,(anonymous_1)
FN:27,(anonymous_2)
FN:32,(anonymous_3)
FN:33,(anonymous_4)
FN:60,(anonymous_5)
FN:65,(anonymous_6)
FN:68,(anonymous_7)
FNF:8
FNH:8
FNDA:9,(anonymous_0)
FNDA:6,(anonymous_1)
FNDA:6,(anonymous_2)
FNDA:2,(anonymous_3)
FNDA:2,(anonymous_4)
FNDA:7,(anonymous_5)
FNDA:6,(anonymous_6)
FNDA:3,(anonymous_7)
DA:20,1
DA:21,9
DA:22,9
DA:23,9
DA:24,9
DA:25,9
DA:26,6
DA:27,6
DA:28,6
DA:32,9
DA:33,2
DA:34,2
DA:35,1
DA:37,1
DA:42,9
DA:61,7
DA:66,6
DA:68,3
DA:77,1
LF:19
LH:19
BRDA:34,0,0,1
BRDA:34,0,1,1
BRF:2
BRH:2
end_of_record
TN:
SF:src/screens/Login/Login.tsx
FN:14,(anonymous_0)
FN:19,(anonymous_1)
FN:24,(anonymous_2)
FN:26,(anonymous_3)
FN:43,(anonymous_4)
FN:50,(anonymous_5)
FN:59,(anonymous_6)
FNF:7
FNH:7
FNDA:8,(anonymous_0)
FNDA:5,(anonymous_1)
FNDA:5,(anonymous_2)
FNDA:3,(anonymous_3)
FNDA:4,(anonymous_4)
FNDA:4,(anonymous_5)
FNDA:1,(anonymous_6)
DA:14,1
DA:15,8
DA:16,8
DA:17,8
DA:19,8
DA:20,5
DA:24,5
DA:25,5
DA:26,3
DA:27,3
DA:28,1
DA:30,2
DA:34,2
DA:39,8
DA:43,4
DA:50,4
DA:59,1
DA:66,1
LF:18
LH:18
BRDA:25,0,0,3
BRDA:25,0,1,2
BRDA:27,1,0,1
BRDA:27,1,1,2
BRF:4
BRH:4
end_of_record
TN:
SF:src/screens/Register/Register.tsx
FN:14,(anonymous_0)
FN:19,(anonymous_1)
FN:24,(anonymous_2)
FN:37,(anonymous_3)
FN:44,(anonymous_4)
FN:53,(anonymous_5)
FNF:6
FNH:6
FNDA:7,(anonymous_0)
FNDA:3,(anonymous_1)
FNDA:3,(anonymous_2)
FNDA:4,(anonymous_3)
FNDA:4,(anonymous_4)
FNDA:1,(anonymous_5)
DA:14,1
DA:15,7
DA:16,7
DA:17,7
DA:19,7
DA:20,3
DA:24,3
DA:25,3
DA:26,1
DA:28,2
DA:33,7
DA:37,4
DA:44,4
DA:53,1
DA:60,1
LF:15
LH:15
BRDA:25,0,0,1
BRDA:25,0,1,2
BRF:2
BRH:2
end_of_record
TN:
SF:src/screens/Splash/Splash.tsx
FN:7,(anonymous_0)
FN:9,(anonymous_1)
FN:10,(anonymous_2)
FN:12,(anonymous_3)
FN:16,(anonymous_4)
FNF:5
FNH:5
FNDA:4,(anonymous_0)
FNDA:4,(anonymous_1)
FNDA:4,(anonymous_2)
FNDA:3,(anonymous_3)
FNDA:1,(anonymous_4)
DA:7,1
DA:8,4
DA:9,4
DA:10,4
DA:11,4
DA:12,3
DA:13,3
DA:16,1
DA:17,1
DA:23,4
DA:35,1
LF:11
LH:11
BRDA:11,0,0,3
BRDA:11,0,1,1
BRF:2
BRH:2
end_of_record
TN:
SF:src/service/api/api.ts
FNF:0
FNH:0
DA:3,11
LF:1
LH:1
BRF:0
BRH:0
end_of_record
TN:
SF:src/service/api/index.ts
FN:3,(anonymous_0)
FN:7,(anonymous_1)
FNF:2
FNH:2
FNDA:8,(anonymous_0)
FNDA:1,(anonymous_1)
DA:3,11
DA:4,8
DA:7,11
DA:8,1
LF:4
LH:4
BRDA:3,0,0,0
BRDA:7,1,0,0
BRF:2
BRH:0
end_of_record
TN:
SF:src/service/async-storage/asyncStorage.ts
FN:3,(anonymous_0)
FN:12,(anonymous_1)
FN:21,(anonymous_2)
FN:32,(anonymous_3)
FN:36,(anonymous_4)
FN:44,(anonymous_5)
FN:53,(anonymous_6)
FNF:7
FNH:7
FNDA:10,(anonymous_0)
FNDA:7,(anonymous_1)
FNDA:3,(anonymous_2)
FNDA:2,(anonymous_3)
FNDA:1,(anonymous_4)
FNDA:5,(anonymous_5)
FNDA:1,(anonymous_6)
DA:3,5
DA:4,10
DA:5,10
DA:6,10
DA:8,0
DA:12,5
DA:13,7
DA:14,7
DA:15,7
DA:17,0
DA:21,5
DA:22,3
DA:23,3
DA:24,3
DA:25,3
DA:26,3
DA:28,0
DA:32,5
DA:33,2
DA:34,2
DA:35,2
DA:37,1
DA:40,0
DA:44,5
DA:45,5
DA:46,5
DA:47,5
DA:48,5
DA:50,0
DA:53,5
DA:54,1
DA:55,1
DA:56,1
DA:58,0
LF:34
LH:28
BRDA:6,0,0,4
BRDA:6,0,1,6
BRDA:15,1,0,2
BRDA:15,1,1,5
BRDA:37,2,0,1
BRDA:37,2,1,1
BRF:6
BRH:6
end_of_record
TN:
SF:src/service/date/formatDate.ts
FN:3,(anonymous_0)
FNF:1
FNH:1
FNDA:13,(anonymous_0)
DA:3,2
DA:4,13
LF:2
LH:2
BRF:0
BRH:0
end_of_record
TN:
SF:src/service/users/index.ts
FNF:0
FNH:0
LF:0
LH:0
BRF:0
BRH:0
end_of_record
TN:
SF:src/service/users/users.actions.ts
FN:3,(anonymous_0)
FN:8,(anonymous_1)
FNF:2
FNH:2
FNDA:5,(anonymous_0)
FNDA:6,(anonymous_1)
DA:3,11
DA:8,11
LF:2
LH:2
BRF:0
BRH:0
end_of_record
TN:
SF:src/service/users/users.reducers.ts
FN:8,(anonymous_0)
FNF:1
FNH:1
FNDA:52,(anonymous_0)
DA:4,11
DA:12,52
DA:14,3
DA:19,49
LF:4
LH:4
BRDA:9,0,0,44
BRDA:12,1,0,3
BRDA:12,1,1,49
BRF:3
BRH:3
end_of_record
TN:
SF:src/service/users/users.sagas.ts
FN:7,fetchUsers
FN:22,root
FNF:2
FNH:2
FNDA:6,fetchUsers
FNDA:21,root
DA:8,6
DA:9,6
DA:10,6
DA:11,1
DA:12,1
DA:13,1
DA:15,0
DA:18,0
DA:23,21
LF:9
LH:7
BRDA:9,0,0,6
BRDA:9,0,1,0
BRDA:11,1,0,1
BRDA:11,1,1,0
BRF:4
BRH:2
end_of_record
TN:
SF:src/service/users/users.selector.ts
FN:3,(anonymous_0)
FN:5,(anonymous_1)
FNF:2
FNH:2
FNDA:6,(anonymous_0)
FNDA:4,(anonymous_1)
DA:3,11
DA:5,11
LF:2
LH:2
BRF:0
BRH:0
end_of_record
TN:
SF:src/service/users/users.types.ts
FNF:0
FNH:0
LF:0
LH:0
BRF:0
BRH:0
end_of_record
